<?xml version="1.0" encoding="UTF-8"?>
<!-- Generated by org.testng.reporters.JUnitReportReporter -->
<testsuite skipped="0" hostname="Vish-PC" name="com.test.Login" tests="1" failures="0" timestamp="05 Nov 2017 15:19:09 GMT" time="12.132" errors="0">
  <testcase name="login" time="12.132" classname="com.test.Login"/>
</testsuite> <!-- com.test.Login -->
